2023-09-25 18:57:09,560 [BombeRLeWorld] INFO: Initializing game world
2023-09-25 18:57:10,675 [BombeRLeWorld] INFO: STARTING ROUND #1
2023-09-25 18:57:10,736 [BombeRLeWorld] INFO: STARTING STEP 1
2023-09-25 18:57:10,738 [BombeRLeWorld] INFO: Agent <peaceful_agent> chose action LEFT in 0.00s.
2023-09-25 18:57:10,738 [BombeRLeWorld] INFO: Agent <peaceful_agent> stayed within acceptable think time.
2023-09-25 18:57:10,738 [BombeRLeWorld] INFO: Agent <rule_based_agent> chose action UP in 0.00s.
2023-09-25 18:57:10,738 [BombeRLeWorld] INFO: Agent <rule_based_agent> stayed within acceptable think time.
2023-09-25 18:57:10,738 [BombeRLeWorld] INFO: Agent <winwin> chose action UP in 0.00s.
2023-09-25 18:57:10,738 [BombeRLeWorld] INFO: Agent <winwin> stayed within acceptable think time.
2023-09-25 18:57:10,738 [BombeRLeWorld] INFO: Agent <random_agent> chose action LEFT in 0.00s.
2023-09-25 18:57:10,738 [BombeRLeWorld] INFO: Agent <random_agent> stayed within acceptable think time.
2023-09-25 18:57:10,784 [BombeRLeWorld] INFO: STARTING STEP 2
2023-09-25 18:57:10,785 [BombeRLeWorld] INFO: Agent <peaceful_agent> chose action LEFT in 0.00s.
2023-09-25 18:57:10,785 [BombeRLeWorld] INFO: Agent <peaceful_agent> stayed within acceptable think time.
2023-09-25 18:57:10,785 [BombeRLeWorld] INFO: Agent <rule_based_agent> chose action BOMB in 0.00s.
2023-09-25 18:57:10,785 [BombeRLeWorld] INFO: Agent <rule_based_agent> stayed within acceptable think time.
2023-09-25 18:57:10,785 [BombeRLeWorld] INFO: Agent <rule_based_agent> drops bomb at (15, 14)
2023-09-25 18:57:10,785 [BombeRLeWorld] INFO: Agent <random_agent> chose action RIGHT in 0.00s.
2023-09-25 18:57:10,785 [BombeRLeWorld] INFO: Agent <random_agent> stayed within acceptable think time.
2023-09-25 18:57:10,785 [BombeRLeWorld] INFO: Agent <winwin> chose action BOMB in 0.00s.
2023-09-25 18:57:10,785 [BombeRLeWorld] INFO: Agent <winwin> stayed within acceptable think time.
2023-09-25 18:57:10,785 [BombeRLeWorld] INFO: Agent <winwin> drops bomb at (1, 14)
2023-09-25 18:57:10,880 [BombeRLeWorld] INFO: STARTING STEP 3
2023-09-25 18:57:10,882 [BombeRLeWorld] INFO: Agent <rule_based_agent> chose action DOWN in 0.00s.
2023-09-25 18:57:10,882 [BombeRLeWorld] INFO: Agent <rule_based_agent> stayed within acceptable think time.
2023-09-25 18:57:10,882 [BombeRLeWorld] INFO: Agent <winwin> chose action DOWN in 0.00s.
2023-09-25 18:57:10,882 [BombeRLeWorld] INFO: Agent <winwin> stayed within acceptable think time.
2023-09-25 18:57:10,882 [BombeRLeWorld] INFO: Agent <random_agent> chose action DOWN in 0.00s.
2023-09-25 18:57:10,882 [BombeRLeWorld] INFO: Agent <random_agent> stayed within acceptable think time.
2023-09-25 18:57:10,882 [BombeRLeWorld] INFO: Agent <peaceful_agent> chose action UP in 0.00s.
2023-09-25 18:57:10,882 [BombeRLeWorld] INFO: Agent <peaceful_agent> stayed within acceptable think time.
2023-09-25 18:57:10,981 [BombeRLeWorld] INFO: STARTING STEP 4
2023-09-25 18:57:10,983 [BombeRLeWorld] INFO: Agent <peaceful_agent> chose action UP in 0.00s.
2023-09-25 18:57:10,983 [BombeRLeWorld] INFO: Agent <peaceful_agent> stayed within acceptable think time.
2023-09-25 18:57:10,983 [BombeRLeWorld] INFO: Agent <winwin> chose action RIGHT in 0.00s.
2023-09-25 18:57:10,983 [BombeRLeWorld] INFO: Agent <winwin> stayed within acceptable think time.
2023-09-25 18:57:10,983 [BombeRLeWorld] INFO: Agent <rule_based_agent> chose action LEFT in 0.00s.
2023-09-25 18:57:10,983 [BombeRLeWorld] INFO: Agent <rule_based_agent> stayed within acceptable think time.
2023-09-25 18:57:10,983 [BombeRLeWorld] INFO: Agent <random_agent> chose action UP in 0.00s.
2023-09-25 18:57:10,983 [BombeRLeWorld] INFO: Agent <random_agent> stayed within acceptable think time.
2023-09-25 18:57:11,083 [BombeRLeWorld] INFO: STARTING STEP 5
2023-09-25 18:57:11,084 [BombeRLeWorld] INFO: Agent <winwin> chose action LEFT in 0.00s.
2023-09-25 18:57:11,084 [BombeRLeWorld] INFO: Agent <winwin> stayed within acceptable think time.
2023-09-25 18:57:11,084 [BombeRLeWorld] INFO: Agent <peaceful_agent> chose action RIGHT in 0.00s.
2023-09-25 18:57:11,084 [BombeRLeWorld] INFO: Agent <peaceful_agent> stayed within acceptable think time.
2023-09-25 18:57:11,084 [BombeRLeWorld] INFO: Agent <rule_based_agent> chose action RIGHT in 0.00s.
2023-09-25 18:57:11,084 [BombeRLeWorld] INFO: Agent <rule_based_agent> stayed within acceptable think time.
2023-09-25 18:57:11,084 [BombeRLeWorld] INFO: Agent <random_agent> chose action DOWN in 0.00s.
2023-09-25 18:57:11,084 [BombeRLeWorld] INFO: Agent <random_agent> stayed within acceptable think time.
2023-09-25 18:57:11,183 [BombeRLeWorld] INFO: STARTING STEP 6
2023-09-25 18:57:11,185 [BombeRLeWorld] INFO: Agent <peaceful_agent> chose action UP in 0.00s.
2023-09-25 18:57:11,185 [BombeRLeWorld] INFO: Agent <peaceful_agent> stayed within acceptable think time.
2023-09-25 18:57:11,185 [BombeRLeWorld] INFO: Agent <rule_based_agent> chose action LEFT in 0.00s.
2023-09-25 18:57:11,185 [BombeRLeWorld] INFO: Agent <rule_based_agent> stayed within acceptable think time.
2023-09-25 18:57:11,185 [BombeRLeWorld] INFO: Agent <winwin> chose action RIGHT in 0.00s.
2023-09-25 18:57:11,185 [BombeRLeWorld] INFO: Agent <winwin> stayed within acceptable think time.
2023-09-25 18:57:11,185 [BombeRLeWorld] INFO: Agent <random_agent> chose action BOMB in 0.00s.
2023-09-25 18:57:11,185 [BombeRLeWorld] INFO: Agent <random_agent> stayed within acceptable think time.
2023-09-25 18:57:11,185 [BombeRLeWorld] INFO: Agent <random_agent> drops bomb at (15, 2)
2023-09-25 18:57:11,185 [BombeRLeWorld] INFO: Agent <rule_based_agent>'s bomb at (15, 14) explodes
2023-09-25 18:57:11,185 [BombeRLeWorld] INFO: Coin found at (15, 12)
2023-09-25 18:57:11,185 [BombeRLeWorld] INFO: Coin found at (15, 11)
2023-09-25 18:57:11,185 [BombeRLeWorld] INFO: Agent <winwin>'s bomb at (1, 14) explodes
2023-09-25 18:57:11,285 [BombeRLeWorld] INFO: STARTING STEP 7
2023-09-25 18:57:11,286 [BombeRLeWorld] INFO: Agent <random_agent> chose action RIGHT in 0.00s.
2023-09-25 18:57:11,286 [BombeRLeWorld] INFO: Agent <random_agent> stayed within acceptable think time.
2023-09-25 18:57:11,286 [BombeRLeWorld] INFO: Agent <winwin> chose action UP in 0.00s.
2023-09-25 18:57:11,286 [BombeRLeWorld] INFO: Agent <winwin> stayed within acceptable think time.
2023-09-25 18:57:11,286 [BombeRLeWorld] INFO: Agent <peaceful_agent> chose action UP in 0.00s.
2023-09-25 18:57:11,286 [BombeRLeWorld] INFO: Agent <peaceful_agent> stayed within acceptable think time.
2023-09-25 18:57:11,286 [BombeRLeWorld] INFO: Agent <rule_based_agent> chose action None in 0.00s.
2023-09-25 18:57:11,286 [BombeRLeWorld] INFO: Agent <rule_based_agent> stayed within acceptable think time.
2023-09-25 18:57:11,385 [BombeRLeWorld] INFO: STARTING STEP 8
2023-09-25 18:57:11,386 [BombeRLeWorld] INFO: Agent <random_agent> chose action LEFT in 0.00s.
2023-09-25 18:57:11,386 [BombeRLeWorld] INFO: Agent <random_agent> stayed within acceptable think time.
2023-09-25 18:57:11,386 [BombeRLeWorld] INFO: Agent <peaceful_agent> chose action LEFT in 0.00s.
2023-09-25 18:57:11,386 [BombeRLeWorld] INFO: Agent <peaceful_agent> stayed within acceptable think time.
2023-09-25 18:57:11,387 [BombeRLeWorld] INFO: Agent <rule_based_agent> chose action RIGHT in 0.00s.
2023-09-25 18:57:11,387 [BombeRLeWorld] INFO: Agent <rule_based_agent> stayed within acceptable think time.
2023-09-25 18:57:11,387 [BombeRLeWorld] INFO: Agent <winwin> chose action BOMB in 0.00s.
2023-09-25 18:57:11,387 [BombeRLeWorld] INFO: Agent <winwin> stayed within acceptable think time.
2023-09-25 18:57:11,486 [BombeRLeWorld] INFO: STARTING STEP 9
2023-09-25 18:57:11,488 [BombeRLeWorld] INFO: Agent <random_agent> chose action RIGHT in 0.00s.
2023-09-25 18:57:11,488 [BombeRLeWorld] INFO: Agent <random_agent> stayed within acceptable think time.
2023-09-25 18:57:11,488 [BombeRLeWorld] INFO: Agent <peaceful_agent> chose action DOWN in 0.00s.
2023-09-25 18:57:11,488 [BombeRLeWorld] INFO: Agent <peaceful_agent> stayed within acceptable think time.
2023-09-25 18:57:11,488 [BombeRLeWorld] INFO: Agent <winwin> chose action BOMB in 0.00s.
2023-09-25 18:57:11,488 [BombeRLeWorld] INFO: Agent <winwin> stayed within acceptable think time.
2023-09-25 18:57:11,488 [BombeRLeWorld] INFO: Agent <winwin> drops bomb at (2, 15)
2023-09-25 18:57:11,488 [BombeRLeWorld] INFO: Agent <rule_based_agent> chose action LEFT in 0.00s.
2023-09-25 18:57:11,488 [BombeRLeWorld] INFO: Agent <rule_based_agent> stayed within acceptable think time.
2023-09-25 18:57:11,587 [BombeRLeWorld] INFO: STARTING STEP 10
2023-09-25 18:57:11,589 [BombeRLeWorld] INFO: Agent <rule_based_agent> chose action BOMB in 0.00s.
2023-09-25 18:57:11,589 [BombeRLeWorld] INFO: Agent <rule_based_agent> stayed within acceptable think time.
2023-09-25 18:57:11,589 [BombeRLeWorld] INFO: Agent <rule_based_agent> drops bomb at (14, 15)
2023-09-25 18:57:11,589 [BombeRLeWorld] INFO: Agent <random_agent> chose action LEFT in 0.00s.
2023-09-25 18:57:11,589 [BombeRLeWorld] INFO: Agent <random_agent> stayed within acceptable think time.
2023-09-25 18:57:11,589 [BombeRLeWorld] INFO: Agent <winwin> chose action LEFT in 0.00s.
2023-09-25 18:57:11,589 [BombeRLeWorld] INFO: Agent <winwin> stayed within acceptable think time.
2023-09-25 18:57:11,589 [BombeRLeWorld] INFO: Agent <peaceful_agent> chose action UP in 0.00s.
2023-09-25 18:57:11,589 [BombeRLeWorld] INFO: Agent <peaceful_agent> stayed within acceptable think time.
2023-09-25 18:57:11,589 [BombeRLeWorld] INFO: Agent <random_agent>'s bomb at (15, 2) explodes
2023-09-25 18:57:11,589 [BombeRLeWorld] INFO: Agent <random_agent> blown up by own bomb
2023-09-25 18:57:11,688 [BombeRLeWorld] INFO: STARTING STEP 11
2023-09-25 18:57:11,690 [BombeRLeWorld] INFO: Agent <winwin> chose action UP in 0.00s.
2023-09-25 18:57:11,690 [BombeRLeWorld] INFO: Agent <winwin> stayed within acceptable think time.
2023-09-25 18:57:11,690 [BombeRLeWorld] INFO: Agent <rule_based_agent> chose action RIGHT in 0.00s.
2023-09-25 18:57:11,690 [BombeRLeWorld] INFO: Agent <rule_based_agent> stayed within acceptable think time.
2023-09-25 18:57:11,690 [BombeRLeWorld] INFO: Agent <peaceful_agent> chose action LEFT in 0.00s.
2023-09-25 18:57:11,690 [BombeRLeWorld] INFO: Agent <peaceful_agent> stayed within acceptable think time.
2023-09-25 18:57:11,789 [BombeRLeWorld] INFO: STARTING STEP 12
2023-09-25 18:57:11,791 [BombeRLeWorld] INFO: Agent <rule_based_agent> chose action UP in 0.00s.
2023-09-25 18:57:11,791 [BombeRLeWorld] INFO: Agent <rule_based_agent> stayed within acceptable think time.
2023-09-25 18:57:11,791 [BombeRLeWorld] INFO: Agent <peaceful_agent> chose action RIGHT in 0.00s.
2023-09-25 18:57:11,791 [BombeRLeWorld] INFO: Agent <peaceful_agent> stayed within acceptable think time.
2023-09-25 18:57:11,791 [BombeRLeWorld] INFO: Agent <winwin> chose action UP in 0.00s.
2023-09-25 18:57:11,791 [BombeRLeWorld] INFO: Agent <winwin> stayed within acceptable think time.
2023-09-25 18:57:11,890 [BombeRLeWorld] INFO: STARTING STEP 13
2023-09-25 18:57:11,892 [BombeRLeWorld] INFO: Agent <rule_based_agent> chose action UP in 0.00s.
2023-09-25 18:57:11,892 [BombeRLeWorld] INFO: Agent <rule_based_agent> stayed within acceptable think time.
2023-09-25 18:57:11,892 [BombeRLeWorld] INFO: Agent <winwin> chose action UP in 0.00s.
2023-09-25 18:57:11,892 [BombeRLeWorld] INFO: Agent <winwin> stayed within acceptable think time.
2023-09-25 18:57:11,892 [BombeRLeWorld] INFO: Agent <peaceful_agent> chose action LEFT in 0.00s.
2023-09-25 18:57:11,892 [BombeRLeWorld] INFO: Agent <peaceful_agent> stayed within acceptable think time.
2023-09-25 18:57:11,892 [BombeRLeWorld] INFO: Agent <winwin>'s bomb at (2, 15) explodes
2023-09-25 18:57:11,992 [BombeRLeWorld] INFO: STARTING STEP 14
2023-09-25 18:57:11,993 [BombeRLeWorld] INFO: Agent <rule_based_agent> chose action UP in 0.00s.
2023-09-25 18:57:11,993 [BombeRLeWorld] INFO: Agent <rule_based_agent> stayed within acceptable think time.
2023-09-25 18:57:11,993 [BombeRLeWorld] INFO: Agent <peaceful_agent> chose action DOWN in 0.00s.
2023-09-25 18:57:11,993 [BombeRLeWorld] INFO: Agent <peaceful_agent> stayed within acceptable think time.
2023-09-25 18:57:11,993 [BombeRLeWorld] INFO: Agent <winwin> chose action UP in 0.00s.
2023-09-25 18:57:11,993 [BombeRLeWorld] INFO: Agent <winwin> stayed within acceptable think time.
2023-09-25 18:57:11,993 [BombeRLeWorld] INFO: Agent <rule_based_agent> picked up coin at (15, 12) and receives 1 point
2023-09-25 18:57:11,993 [BombeRLeWorld] INFO: Agent <rule_based_agent>'s bomb at (14, 15) explodes
2023-09-25 18:57:12,092 [BombeRLeWorld] INFO: STARTING STEP 15
2023-09-25 18:57:12,094 [BombeRLeWorld] INFO: Agent <peaceful_agent> chose action DOWN in 0.00s.
2023-09-25 18:57:12,094 [BombeRLeWorld] INFO: Agent <peaceful_agent> stayed within acceptable think time.
2023-09-25 18:57:12,094 [BombeRLeWorld] INFO: Agent <rule_based_agent> chose action UP in 0.00s.
2023-09-25 18:57:12,094 [BombeRLeWorld] INFO: Agent <rule_based_agent> stayed within acceptable think time.
2023-09-25 18:57:12,094 [BombeRLeWorld] INFO: Agent <winwin> chose action DOWN in 0.00s.
2023-09-25 18:57:12,094 [BombeRLeWorld] INFO: Agent <winwin> stayed within acceptable think time.
2023-09-25 18:57:12,094 [BombeRLeWorld] INFO: Agent <rule_based_agent> picked up coin at (15, 11) and receives 1 point
2023-09-25 18:57:12,194 [BombeRLeWorld] INFO: STARTING STEP 16
2023-09-25 18:57:12,195 [BombeRLeWorld] INFO: Agent <peaceful_agent> chose action LEFT in 0.00s.
2023-09-25 18:57:12,195 [BombeRLeWorld] INFO: Agent <peaceful_agent> stayed within acceptable think time.
2023-09-25 18:57:12,195 [BombeRLeWorld] INFO: Agent <rule_based_agent> chose action UP in 0.00s.
2023-09-25 18:57:12,195 [BombeRLeWorld] INFO: Agent <rule_based_agent> stayed within acceptable think time.
2023-09-25 18:57:12,195 [BombeRLeWorld] INFO: Agent <winwin> chose action UP in 0.00s.
2023-09-25 18:57:12,195 [BombeRLeWorld] INFO: Agent <winwin> stayed within acceptable think time.
2023-09-25 18:57:12,294 [BombeRLeWorld] INFO: STARTING STEP 17
2023-09-25 18:57:12,295 [BombeRLeWorld] INFO: Agent <winwin> chose action BOMB in 0.00s.
2023-09-25 18:57:12,295 [BombeRLeWorld] INFO: Agent <winwin> stayed within acceptable think time.
2023-09-25 18:57:12,295 [BombeRLeWorld] INFO: Agent <winwin> drops bomb at (1, 11)
2023-09-25 18:57:12,295 [BombeRLeWorld] INFO: Agent <peaceful_agent> chose action RIGHT in 0.00s.
2023-09-25 18:57:12,295 [BombeRLeWorld] INFO: Agent <peaceful_agent> stayed within acceptable think time.
2023-09-25 18:57:12,295 [BombeRLeWorld] INFO: Agent <rule_based_agent> chose action BOMB in 0.00s.
2023-09-25 18:57:12,295 [BombeRLeWorld] INFO: Agent <rule_based_agent> stayed within acceptable think time.
2023-09-25 18:57:12,295 [BombeRLeWorld] INFO: Agent <rule_based_agent> drops bomb at (15, 10)
2023-09-25 18:57:12,395 [BombeRLeWorld] INFO: STARTING STEP 18
2023-09-25 18:57:12,396 [BombeRLeWorld] INFO: Agent <peaceful_agent> chose action RIGHT in 0.00s.
2023-09-25 18:57:12,396 [BombeRLeWorld] INFO: Agent <peaceful_agent> stayed within acceptable think time.
2023-09-25 18:57:12,396 [BombeRLeWorld] INFO: Agent <rule_based_agent> chose action DOWN in 0.00s.
2023-09-25 18:57:12,396 [BombeRLeWorld] INFO: Agent <rule_based_agent> stayed within acceptable think time.
2023-09-25 18:57:12,396 [BombeRLeWorld] INFO: Agent <winwin> chose action DOWN in 0.00s.
2023-09-25 18:57:12,396 [BombeRLeWorld] INFO: Agent <winwin> stayed within acceptable think time.
2023-09-25 18:57:12,496 [BombeRLeWorld] INFO: STARTING STEP 19
2023-09-25 18:57:12,497 [BombeRLeWorld] INFO: Agent <winwin> chose action DOWN in 0.00s.
2023-09-25 18:57:12,497 [BombeRLeWorld] INFO: Agent <winwin> stayed within acceptable think time.
2023-09-25 18:57:12,497 [BombeRLeWorld] INFO: Agent <peaceful_agent> chose action LEFT in 0.00s.
2023-09-25 18:57:12,497 [BombeRLeWorld] INFO: Agent <peaceful_agent> stayed within acceptable think time.
2023-09-25 18:57:12,497 [BombeRLeWorld] INFO: Agent <rule_based_agent> chose action DOWN in 0.00s.
2023-09-25 18:57:12,497 [BombeRLeWorld] INFO: Agent <rule_based_agent> stayed within acceptable think time.
2023-09-25 18:57:12,597 [BombeRLeWorld] INFO: STARTING STEP 20
2023-09-25 18:57:12,598 [BombeRLeWorld] INFO: Agent <rule_based_agent> chose action DOWN in 0.00s.
2023-09-25 18:57:12,598 [BombeRLeWorld] INFO: Agent <rule_based_agent> stayed within acceptable think time.
2023-09-25 18:57:12,598 [BombeRLeWorld] INFO: Agent <winwin> chose action DOWN in 0.00s.
2023-09-25 18:57:12,598 [BombeRLeWorld] INFO: Agent <winwin> stayed within acceptable think time.
2023-09-25 18:57:12,598 [BombeRLeWorld] INFO: Agent <peaceful_agent> chose action UP in 0.00s.
2023-09-25 18:57:12,598 [BombeRLeWorld] INFO: Agent <peaceful_agent> stayed within acceptable think time.
2023-09-25 18:57:12,698 [BombeRLeWorld] INFO: STARTING STEP 21
2023-09-25 18:57:12,699 [BombeRLeWorld] INFO: Agent <rule_based_agent> chose action DOWN in 0.00s.
2023-09-25 18:57:12,699 [BombeRLeWorld] INFO: Agent <rule_based_agent> stayed within acceptable think time.
2023-09-25 18:57:12,699 [BombeRLeWorld] INFO: Agent <winwin> chose action DOWN in 0.00s.
2023-09-25 18:57:12,699 [BombeRLeWorld] INFO: Agent <winwin> stayed within acceptable think time.
2023-09-25 18:57:12,699 [BombeRLeWorld] INFO: Agent <peaceful_agent> chose action LEFT in 0.00s.
2023-09-25 18:57:12,699 [BombeRLeWorld] INFO: Agent <peaceful_agent> stayed within acceptable think time.
2023-09-25 18:57:12,699 [BombeRLeWorld] INFO: Agent <winwin>'s bomb at (1, 11) explodes
2023-09-25 18:57:12,699 [BombeRLeWorld] INFO: Coin found at (1, 9)
2023-09-25 18:57:12,699 [BombeRLeWorld] INFO: Agent <rule_based_agent>'s bomb at (15, 10) explodes
2023-09-25 18:57:12,799 [BombeRLeWorld] INFO: STARTING STEP 22
2023-09-25 18:57:12,800 [BombeRLeWorld] INFO: Agent <peaceful_agent> chose action DOWN in 0.00s.
2023-09-25 18:57:12,800 [BombeRLeWorld] INFO: Agent <peaceful_agent> stayed within acceptable think time.
2023-09-25 18:57:12,800 [BombeRLeWorld] INFO: Agent <rule_based_agent> chose action DOWN in 0.00s.
2023-09-25 18:57:12,800 [BombeRLeWorld] INFO: Agent <rule_based_agent> stayed within acceptable think time.
2023-09-25 18:57:12,800 [BombeRLeWorld] INFO: Agent <winwin> chose action RIGHT in 0.00s.
2023-09-25 18:57:12,800 [BombeRLeWorld] INFO: Agent <winwin> stayed within acceptable think time.
2023-09-25 18:57:12,900 [BombeRLeWorld] INFO: STARTING STEP 23
2023-09-25 18:57:12,901 [BombeRLeWorld] INFO: Agent <rule_based_agent> chose action LEFT in 0.00s.
2023-09-25 18:57:12,901 [BombeRLeWorld] INFO: Agent <rule_based_agent> stayed within acceptable think time.
2023-09-25 18:57:12,901 [BombeRLeWorld] INFO: Agent <winwin> chose action RIGHT in 0.00s.
2023-09-25 18:57:12,901 [BombeRLeWorld] INFO: Agent <winwin> stayed within acceptable think time.
2023-09-25 18:57:12,901 [BombeRLeWorld] INFO: Agent <peaceful_agent> chose action RIGHT in 0.00s.
2023-09-25 18:57:12,901 [BombeRLeWorld] INFO: Agent <peaceful_agent> stayed within acceptable think time.
2023-09-25 18:57:13,001 [BombeRLeWorld] INFO: STARTING STEP 24
2023-09-25 18:57:13,002 [BombeRLeWorld] INFO: Agent <rule_based_agent> chose action LEFT in 0.00s.
2023-09-25 18:57:13,002 [BombeRLeWorld] INFO: Agent <rule_based_agent> stayed within acceptable think time.
2023-09-25 18:57:13,002 [BombeRLeWorld] INFO: Agent <peaceful_agent> chose action DOWN in 0.00s.
2023-09-25 18:57:13,002 [BombeRLeWorld] INFO: Agent <peaceful_agent> stayed within acceptable think time.
2023-09-25 18:57:13,002 [BombeRLeWorld] INFO: Agent <winwin> chose action UP in 0.00s.
2023-09-25 18:57:13,002 [BombeRLeWorld] INFO: Agent <winwin> stayed within acceptable think time.
2023-09-25 18:57:13,102 [BombeRLeWorld] INFO: STARTING STEP 25
2023-09-25 18:57:13,103 [BombeRLeWorld] INFO: Agent <rule_based_agent> chose action LEFT in 0.00s.
2023-09-25 18:57:13,103 [BombeRLeWorld] INFO: Agent <rule_based_agent> stayed within acceptable think time.
2023-09-25 18:57:13,103 [BombeRLeWorld] INFO: Agent <peaceful_agent> chose action LEFT in 0.00s.
2023-09-25 18:57:13,103 [BombeRLeWorld] INFO: Agent <peaceful_agent> stayed within acceptable think time.
2023-09-25 18:57:13,103 [BombeRLeWorld] INFO: Agent <winwin> chose action BOMB in 0.00s.
2023-09-25 18:57:13,103 [BombeRLeWorld] INFO: Agent <winwin> stayed within acceptable think time.
2023-09-25 18:57:13,103 [BombeRLeWorld] INFO: Agent <winwin> drops bomb at (3, 14)
2023-09-25 18:57:13,203 [BombeRLeWorld] INFO: STARTING STEP 26
2023-09-25 18:57:13,204 [BombeRLeWorld] INFO: Agent <winwin> chose action DOWN in 0.00s.
2023-09-25 18:57:13,204 [BombeRLeWorld] INFO: Agent <winwin> stayed within acceptable think time.
2023-09-25 18:57:13,204 [BombeRLeWorld] INFO: Agent <rule_based_agent> chose action LEFT in 0.00s.
2023-09-25 18:57:13,204 [BombeRLeWorld] INFO: Agent <rule_based_agent> stayed within acceptable think time.
2023-09-25 18:57:13,204 [BombeRLeWorld] INFO: Agent <peaceful_agent> chose action UP in 0.00s.
2023-09-25 18:57:13,204 [BombeRLeWorld] INFO: Agent <peaceful_agent> stayed within acceptable think time.
2023-09-25 18:57:13,304 [BombeRLeWorld] INFO: STARTING STEP 27
2023-09-25 18:57:13,305 [BombeRLeWorld] INFO: Agent <peaceful_agent> chose action RIGHT in 0.00s.
2023-09-25 18:57:13,305 [BombeRLeWorld] INFO: Agent <peaceful_agent> stayed within acceptable think time.
2023-09-25 18:57:13,305 [BombeRLeWorld] INFO: Agent <rule_based_agent> chose action UP in 0.00s.
2023-09-25 18:57:13,305 [BombeRLeWorld] INFO: Agent <rule_based_agent> stayed within acceptable think time.
2023-09-25 18:57:13,305 [BombeRLeWorld] INFO: Agent <winwin> chose action RIGHT in 0.00s.
2023-09-25 18:57:13,305 [BombeRLeWorld] INFO: Agent <winwin> stayed within acceptable think time.
2023-09-25 18:57:13,405 [BombeRLeWorld] INFO: STARTING STEP 28
2023-09-25 18:57:13,406 [BombeRLeWorld] INFO: Agent <rule_based_agent> chose action BOMB in 0.00s.
2023-09-25 18:57:13,406 [BombeRLeWorld] INFO: Agent <rule_based_agent> stayed within acceptable think time.
2023-09-25 18:57:13,406 [BombeRLeWorld] INFO: Agent <rule_based_agent> drops bomb at (11, 14)
2023-09-25 18:57:13,406 [BombeRLeWorld] INFO: Agent <peaceful_agent> chose action RIGHT in 0.00s.
2023-09-25 18:57:13,406 [BombeRLeWorld] INFO: Agent <peaceful_agent> stayed within acceptable think time.
2023-09-25 18:57:13,406 [BombeRLeWorld] INFO: Agent <winwin> chose action RIGHT in 0.00s.
2023-09-25 18:57:13,406 [BombeRLeWorld] INFO: Agent <winwin> stayed within acceptable think time.
2023-09-25 18:57:13,506 [BombeRLeWorld] INFO: STARTING STEP 29
2023-09-25 18:57:13,512 [BombeRLeWorld] INFO: Agent <winwin> chose action LEFT in 0.00s.
2023-09-25 18:57:13,512 [BombeRLeWorld] INFO: Agent <winwin> stayed within acceptable think time.
2023-09-25 18:57:13,512 [BombeRLeWorld] INFO: Agent <peaceful_agent> chose action LEFT in 0.00s.
2023-09-25 18:57:13,512 [BombeRLeWorld] INFO: Agent <peaceful_agent> stayed within acceptable think time.
2023-09-25 18:57:13,512 [BombeRLeWorld] INFO: Agent <rule_based_agent> chose action DOWN in 0.00s.
2023-09-25 18:57:13,512 [BombeRLeWorld] INFO: Agent <rule_based_agent> stayed within acceptable think time.
2023-09-25 18:57:13,512 [BombeRLeWorld] INFO: Agent <winwin>'s bomb at (3, 14) explodes
2023-09-25 18:57:13,607 [BombeRLeWorld] INFO: STARTING STEP 30
2023-09-25 18:57:13,608 [BombeRLeWorld] INFO: Agent <winwin> chose action RIGHT in 0.00s.
2023-09-25 18:57:13,608 [BombeRLeWorld] INFO: Agent <winwin> stayed within acceptable think time.
2023-09-25 18:57:13,608 [BombeRLeWorld] INFO: Agent <rule_based_agent> chose action RIGHT in 0.00s.
2023-09-25 18:57:13,608 [BombeRLeWorld] INFO: Agent <rule_based_agent> stayed within acceptable think time.
2023-09-25 18:57:13,608 [BombeRLeWorld] INFO: Agent <peaceful_agent> chose action UP in 0.00s.
2023-09-25 18:57:13,608 [BombeRLeWorld] INFO: Agent <peaceful_agent> stayed within acceptable think time.
2023-09-25 18:57:13,708 [BombeRLeWorld] INFO: STARTING STEP 31
2023-09-25 18:57:13,709 [BombeRLeWorld] INFO: Agent <rule_based_agent> chose action RIGHT in 0.00s.
2023-09-25 18:57:13,709 [BombeRLeWorld] INFO: Agent <rule_based_agent> stayed within acceptable think time.
2023-09-25 18:57:13,709 [BombeRLeWorld] INFO: Agent <winwin> chose action LEFT in 0.00s.
2023-09-25 18:57:13,709 [BombeRLeWorld] INFO: Agent <winwin> stayed within acceptable think time.
2023-09-25 18:57:13,709 [BombeRLeWorld] INFO: Agent <peaceful_agent> chose action UP in 0.00s.
2023-09-25 18:57:13,710 [BombeRLeWorld] INFO: Agent <peaceful_agent> stayed within acceptable think time.
2023-09-25 18:57:13,809 [BombeRLeWorld] INFO: STARTING STEP 32
2023-09-25 18:57:13,810 [BombeRLeWorld] INFO: Agent <rule_based_agent> chose action RIGHT in 0.00s.
2023-09-25 18:57:13,810 [BombeRLeWorld] INFO: Agent <rule_based_agent> stayed within acceptable think time.
2023-09-25 18:57:13,811 [BombeRLeWorld] INFO: Agent <peaceful_agent> chose action UP in 0.00s.
2023-09-25 18:57:13,811 [BombeRLeWorld] INFO: Agent <peaceful_agent> stayed within acceptable think time.
2023-09-25 18:57:13,811 [BombeRLeWorld] INFO: Agent <winwin> chose action RIGHT in 0.00s.
2023-09-25 18:57:13,811 [BombeRLeWorld] INFO: Agent <winwin> stayed within acceptable think time.
2023-09-25 18:57:13,811 [BombeRLeWorld] INFO: Agent <rule_based_agent>'s bomb at (11, 14) explodes
2023-09-25 18:57:13,910 [BombeRLeWorld] INFO: STARTING STEP 33
2023-09-25 18:57:13,911 [BombeRLeWorld] INFO: Agent <rule_based_agent> chose action LEFT in 0.00s.
2023-09-25 18:57:13,911 [BombeRLeWorld] INFO: Agent <rule_based_agent> stayed within acceptable think time.
2023-09-25 18:57:13,911 [BombeRLeWorld] INFO: Agent <peaceful_agent> chose action DOWN in 0.00s.
2023-09-25 18:57:13,911 [BombeRLeWorld] INFO: Agent <peaceful_agent> stayed within acceptable think time.
2023-09-25 18:57:13,911 [BombeRLeWorld] INFO: Agent <winwin> chose action BOMB in 0.00s.
2023-09-25 18:57:13,911 [BombeRLeWorld] INFO: Agent <winwin> stayed within acceptable think time.
2023-09-25 18:57:13,911 [BombeRLeWorld] INFO: Agent <winwin> drops bomb at (5, 15)
2023-09-25 18:57:14,011 [BombeRLeWorld] INFO: STARTING STEP 34
2023-09-25 18:57:14,013 [BombeRLeWorld] INFO: Agent <peaceful_agent> chose action DOWN in 0.00s.
2023-09-25 18:57:14,013 [BombeRLeWorld] INFO: Agent <peaceful_agent> stayed within acceptable think time.
2023-09-25 18:57:14,013 [BombeRLeWorld] INFO: Agent <rule_based_agent> chose action LEFT in 0.00s.
2023-09-25 18:57:14,013 [BombeRLeWorld] INFO: Agent <rule_based_agent> stayed within acceptable think time.
2023-09-25 18:57:14,013 [BombeRLeWorld] INFO: Agent <winwin> chose action LEFT in 0.00s.
2023-09-25 18:57:14,013 [BombeRLeWorld] INFO: Agent <winwin> stayed within acceptable think time.
2023-09-25 18:57:14,112 [BombeRLeWorld] INFO: STARTING STEP 35
2023-09-25 18:57:14,114 [BombeRLeWorld] INFO: Agent <rule_based_agent> chose action LEFT in 0.00s.
2023-09-25 18:57:14,114 [BombeRLeWorld] INFO: Agent <rule_based_agent> stayed within acceptable think time.
2023-09-25 18:57:14,114 [BombeRLeWorld] INFO: Agent <winwin> chose action LEFT in 0.00s.
2023-09-25 18:57:14,114 [BombeRLeWorld] INFO: Agent <winwin> stayed within acceptable think time.
2023-09-25 18:57:14,114 [BombeRLeWorld] INFO: Agent <peaceful_agent> chose action UP in 0.00s.
2023-09-25 18:57:14,114 [BombeRLeWorld] INFO: Agent <peaceful_agent> stayed within acceptable think time.
2023-09-25 18:57:14,213 [BombeRLeWorld] INFO: STARTING STEP 36
2023-09-25 18:57:14,214 [BombeRLeWorld] INFO: Agent <peaceful_agent> chose action LEFT in 0.00s.
2023-09-25 18:57:14,214 [BombeRLeWorld] INFO: Agent <peaceful_agent> stayed within acceptable think time.
2023-09-25 18:57:14,214 [BombeRLeWorld] INFO: Agent <winwin> chose action UP in 0.00s.
2023-09-25 18:57:14,214 [BombeRLeWorld] INFO: Agent <winwin> stayed within acceptable think time.
2023-09-25 18:57:14,214 [BombeRLeWorld] INFO: Agent <rule_based_agent> chose action UP in 0.00s.
2023-09-25 18:57:14,214 [BombeRLeWorld] INFO: Agent <rule_based_agent> stayed within acceptable think time.
2023-09-25 18:57:14,314 [BombeRLeWorld] INFO: STARTING STEP 37
2023-09-25 18:57:14,315 [BombeRLeWorld] INFO: Agent <rule_based_agent> chose action UP in 0.00s.
2023-09-25 18:57:14,316 [BombeRLeWorld] INFO: Agent <rule_based_agent> stayed within acceptable think time.
2023-09-25 18:57:14,316 [BombeRLeWorld] INFO: Agent <peaceful_agent> chose action LEFT in 0.00s.
2023-09-25 18:57:14,316 [BombeRLeWorld] INFO: Agent <peaceful_agent> stayed within acceptable think time.
2023-09-25 18:57:14,316 [BombeRLeWorld] INFO: Agent <winwin> chose action UP in 0.00s.
2023-09-25 18:57:14,316 [BombeRLeWorld] INFO: Agent <winwin> stayed within acceptable think time.
2023-09-25 18:57:14,316 [BombeRLeWorld] INFO: Agent <winwin>'s bomb at (5, 15) explodes
2023-09-25 18:57:14,316 [BombeRLeWorld] INFO: Coin found at (6, 15)
2023-09-25 18:57:14,415 [BombeRLeWorld] INFO: STARTING STEP 38
2023-09-25 18:57:14,416 [BombeRLeWorld] INFO: Agent <winwin> chose action UP in 0.00s.
2023-09-25 18:57:14,416 [BombeRLeWorld] INFO: Agent <winwin> stayed within acceptable think time.
2023-09-25 18:57:14,416 [BombeRLeWorld] INFO: Agent <rule_based_agent> chose action LEFT in 0.00s.
2023-09-25 18:57:14,416 [BombeRLeWorld] INFO: Agent <rule_based_agent> stayed within acceptable think time.
2023-09-25 18:57:14,416 [BombeRLeWorld] INFO: Agent <peaceful_agent> chose action DOWN in 0.00s.
2023-09-25 18:57:14,416 [BombeRLeWorld] INFO: Agent <peaceful_agent> stayed within acceptable think time.
2023-09-25 18:57:14,516 [BombeRLeWorld] INFO: STARTING STEP 39
2023-09-25 18:57:14,517 [BombeRLeWorld] INFO: Agent <rule_based_agent> chose action BOMB in 0.00s.
2023-09-25 18:57:14,517 [BombeRLeWorld] INFO: Agent <rule_based_agent> stayed within acceptable think time.
2023-09-25 18:57:14,517 [BombeRLeWorld] INFO: Agent <rule_based_agent> drops bomb at (10, 13)
2023-09-25 18:57:14,517 [BombeRLeWorld] INFO: Agent <winwin> chose action UP in 0.00s.
2023-09-25 18:57:14,517 [BombeRLeWorld] INFO: Agent <winwin> stayed within acceptable think time.
2023-09-25 18:57:14,517 [BombeRLeWorld] INFO: Agent <peaceful_agent> chose action RIGHT in 0.00s.
2023-09-25 18:57:14,517 [BombeRLeWorld] INFO: Agent <peaceful_agent> stayed within acceptable think time.
2023-09-25 18:57:14,617 [BombeRLeWorld] INFO: STARTING STEP 40
2023-09-25 18:57:14,618 [BombeRLeWorld] INFO: Agent <rule_based_agent> chose action RIGHT in 0.00s.
2023-09-25 18:57:14,618 [BombeRLeWorld] INFO: Agent <rule_based_agent> stayed within acceptable think time.
2023-09-25 18:57:14,618 [BombeRLeWorld] INFO: Agent <peaceful_agent> chose action DOWN in 0.00s.
2023-09-25 18:57:14,618 [BombeRLeWorld] INFO: Agent <peaceful_agent> stayed within acceptable think time.
2023-09-25 18:57:14,618 [BombeRLeWorld] INFO: Agent <winwin> chose action RIGHT in 0.00s.
2023-09-25 18:57:14,618 [BombeRLeWorld] INFO: Agent <winwin> stayed within acceptable think time.
2023-09-25 18:57:14,718 [BombeRLeWorld] INFO: STARTING STEP 41
2023-09-25 18:57:14,719 [BombeRLeWorld] INFO: Agent <winwin> chose action BOMB in 0.00s.
2023-09-25 18:57:14,719 [BombeRLeWorld] INFO: Agent <winwin> stayed within acceptable think time.
2023-09-25 18:57:14,719 [BombeRLeWorld] INFO: Agent <winwin> drops bomb at (4, 11)
2023-09-25 18:57:14,719 [BombeRLeWorld] INFO: Agent <rule_based_agent> chose action DOWN in 0.00s.
2023-09-25 18:57:14,719 [BombeRLeWorld] INFO: Agent <rule_based_agent> stayed within acceptable think time.
2023-09-25 18:57:14,719 [BombeRLeWorld] INFO: Agent <peaceful_agent> chose action RIGHT in 0.00s.
2023-09-25 18:57:14,719 [BombeRLeWorld] INFO: Agent <peaceful_agent> stayed within acceptable think time.
2023-09-25 18:57:14,819 [BombeRLeWorld] INFO: STARTING STEP 42
2023-09-25 18:57:14,820 [BombeRLeWorld] INFO: Agent <peaceful_agent> chose action DOWN in 0.00s.
2023-09-25 18:57:14,820 [BombeRLeWorld] INFO: Agent <peaceful_agent> stayed within acceptable think time.
2023-09-25 18:57:14,820 [BombeRLeWorld] INFO: Agent <rule_based_agent> chose action UP in 0.00s.
2023-09-25 18:57:14,820 [BombeRLeWorld] INFO: Agent <rule_based_agent> stayed within acceptable think time.
2023-09-25 18:57:14,820 [BombeRLeWorld] INFO: Agent <winwin> chose action LEFT in 0.00s.
2023-09-25 18:57:14,820 [BombeRLeWorld] INFO: Agent <winwin> stayed within acceptable think time.
2023-09-25 18:57:14,920 [BombeRLeWorld] INFO: STARTING STEP 43
2023-09-25 18:57:14,922 [BombeRLeWorld] INFO: Agent <peaceful_agent> chose action DOWN in 0.00s.
2023-09-25 18:57:14,922 [BombeRLeWorld] INFO: Agent <peaceful_agent> stayed within acceptable think time.
2023-09-25 18:57:14,922 [BombeRLeWorld] INFO: Agent <winwin> chose action UP in 0.00s.
2023-09-25 18:57:14,922 [BombeRLeWorld] INFO: Agent <winwin> stayed within acceptable think time.
2023-09-25 18:57:14,922 [BombeRLeWorld] INFO: Agent <rule_based_agent> chose action DOWN in 0.00s.
2023-09-25 18:57:14,922 [BombeRLeWorld] INFO: Agent <rule_based_agent> stayed within acceptable think time.
2023-09-25 18:57:14,922 [BombeRLeWorld] INFO: Agent <rule_based_agent>'s bomb at (10, 13) explodes
2023-09-25 18:57:15,021 [BombeRLeWorld] INFO: STARTING STEP 44
2023-09-25 18:57:15,023 [BombeRLeWorld] INFO: Agent <peaceful_agent> chose action LEFT in 0.00s.
2023-09-25 18:57:15,023 [BombeRLeWorld] INFO: Agent <peaceful_agent> stayed within acceptable think time.
2023-09-25 18:57:15,023 [BombeRLeWorld] INFO: Agent <winwin> chose action DOWN in 0.00s.
2023-09-25 18:57:15,023 [BombeRLeWorld] INFO: Agent <winwin> stayed within acceptable think time.
2023-09-25 18:57:15,023 [BombeRLeWorld] INFO: Agent <rule_based_agent> chose action DOWN in 0.00s.
2023-09-25 18:57:15,023 [BombeRLeWorld] INFO: Agent <rule_based_agent> stayed within acceptable think time.
2023-09-25 18:57:15,122 [BombeRLeWorld] INFO: STARTING STEP 45
2023-09-25 18:57:15,124 [BombeRLeWorld] INFO: Agent <winwin> chose action DOWN in 0.00s.
2023-09-25 18:57:15,124 [BombeRLeWorld] INFO: Agent <winwin> stayed within acceptable think time.
2023-09-25 18:57:15,124 [BombeRLeWorld] INFO: Agent <peaceful_agent> chose action LEFT in 0.00s.
2023-09-25 18:57:15,124 [BombeRLeWorld] INFO: Agent <peaceful_agent> stayed within acceptable think time.
2023-09-25 18:57:15,124 [BombeRLeWorld] INFO: Agent <rule_based_agent> chose action UP in 0.00s.
2023-09-25 18:57:15,124 [BombeRLeWorld] INFO: Agent <rule_based_agent> stayed within acceptable think time.
2023-09-25 18:57:15,124 [BombeRLeWorld] INFO: Agent <winwin>'s bomb at (4, 11) explodes
2023-09-25 18:57:15,124 [BombeRLeWorld] INFO: Coin found at (7, 11)
2023-09-25 18:57:15,223 [BombeRLeWorld] INFO: STARTING STEP 46
2023-09-25 18:57:15,224 [BombeRLeWorld] INFO: Agent <winwin> chose action LEFT in 0.00s.
2023-09-25 18:57:15,225 [BombeRLeWorld] INFO: Agent <winwin> stayed within acceptable think time.
2023-09-25 18:57:15,225 [BombeRLeWorld] INFO: Agent <rule_based_agent> chose action UP in 0.00s.
2023-09-25 18:57:15,225 [BombeRLeWorld] INFO: Agent <rule_based_agent> stayed within acceptable think time.
2023-09-25 18:57:15,225 [BombeRLeWorld] INFO: Agent <peaceful_agent> chose action DOWN in 0.00s.
2023-09-25 18:57:15,225 [BombeRLeWorld] INFO: Agent <peaceful_agent> stayed within acceptable think time.
2023-09-25 18:57:15,324 [BombeRLeWorld] INFO: STARTING STEP 47
2023-09-25 18:57:15,326 [BombeRLeWorld] INFO: Agent <peaceful_agent> chose action UP in 0.00s.
2023-09-25 18:57:15,326 [BombeRLeWorld] INFO: Agent <peaceful_agent> stayed within acceptable think time.
2023-09-25 18:57:15,326 [BombeRLeWorld] INFO: Agent <winwin> chose action UP in 0.00s.
2023-09-25 18:57:15,326 [BombeRLeWorld] INFO: Agent <winwin> stayed within acceptable think time.
2023-09-25 18:57:15,326 [BombeRLeWorld] INFO: Agent <rule_based_agent> chose action RIGHT in 0.00s.
2023-09-25 18:57:15,326 [BombeRLeWorld] INFO: Agent <rule_based_agent> stayed within acceptable think time.
2023-09-25 18:57:15,425 [BombeRLeWorld] INFO: STARTING STEP 48
2023-09-25 18:57:15,427 [BombeRLeWorld] INFO: Agent <rule_based_agent> chose action RIGHT in 0.00s.
2023-09-25 18:57:15,427 [BombeRLeWorld] INFO: Agent <rule_based_agent> stayed within acceptable think time.
2023-09-25 18:57:15,427 [BombeRLeWorld] INFO: Agent <peaceful_agent> chose action UP in 0.00s.
2023-09-25 18:57:15,427 [BombeRLeWorld] INFO: Agent <peaceful_agent> stayed within acceptable think time.
2023-09-25 18:57:15,427 [BombeRLeWorld] INFO: Agent <winwin> chose action UP in 0.00s.
2023-09-25 18:57:15,427 [BombeRLeWorld] INFO: Agent <winwin> stayed within acceptable think time.
2023-09-25 18:57:15,526 [BombeRLeWorld] INFO: STARTING STEP 49
2023-09-25 18:57:15,527 [BombeRLeWorld] INFO: Agent <rule_based_agent> chose action UP in 0.00s.
2023-09-25 18:57:15,527 [BombeRLeWorld] INFO: Agent <rule_based_agent> stayed within acceptable think time.
2023-09-25 18:57:15,527 [BombeRLeWorld] INFO: Agent <winwin> chose action BOMB in 0.00s.
2023-09-25 18:57:15,527 [BombeRLeWorld] INFO: Agent <winwin> stayed within acceptable think time.
2023-09-25 18:57:15,527 [BombeRLeWorld] INFO: Agent <winwin> drops bomb at (3, 10)
2023-09-25 18:57:15,527 [BombeRLeWorld] INFO: Agent <peaceful_agent> chose action UP in 0.00s.
2023-09-25 18:57:15,527 [BombeRLeWorld] INFO: Agent <peaceful_agent> stayed within acceptable think time.
2023-09-25 18:57:15,631 [BombeRLeWorld] INFO: STARTING STEP 50
2023-09-25 18:57:15,633 [BombeRLeWorld] INFO: Agent <rule_based_agent> chose action BOMB in 0.00s.
2023-09-25 18:57:15,633 [BombeRLeWorld] INFO: Agent <rule_based_agent> stayed within acceptable think time.
2023-09-25 18:57:15,633 [BombeRLeWorld] INFO: Agent <rule_based_agent> drops bomb at (13, 12)
2023-09-25 18:57:15,633 [BombeRLeWorld] INFO: Agent <peaceful_agent> chose action RIGHT in 0.00s.
2023-09-25 18:57:15,633 [BombeRLeWorld] INFO: Agent <peaceful_agent> stayed within acceptable think time.
2023-09-25 18:57:15,633 [BombeRLeWorld] INFO: Agent <winwin> chose action DOWN in 0.00s.
2023-09-25 18:57:15,633 [BombeRLeWorld] INFO: Agent <winwin> stayed within acceptable think time.
2023-09-25 18:57:15,728 [BombeRLeWorld] INFO: STARTING STEP 51
2023-09-25 18:57:15,730 [BombeRLeWorld] INFO: Agent <rule_based_agent> chose action DOWN in 0.00s.
2023-09-25 18:57:15,730 [BombeRLeWorld] INFO: Agent <rule_based_agent> stayed within acceptable think time.
2023-09-25 18:57:15,730 [BombeRLeWorld] INFO: Agent <winwin> chose action LEFT in 0.00s.
2023-09-25 18:57:15,730 [BombeRLeWorld] INFO: Agent <winwin> stayed within acceptable think time.
2023-09-25 18:57:15,730 [BombeRLeWorld] INFO: Agent <peaceful_agent> chose action LEFT in 0.00s.
2023-09-25 18:57:15,730 [BombeRLeWorld] INFO: Agent <peaceful_agent> stayed within acceptable think time.
2023-09-25 18:57:15,830 [BombeRLeWorld] INFO: STARTING STEP 52
2023-09-25 18:57:15,831 [BombeRLeWorld] INFO: Agent <rule_based_agent> chose action LEFT in 0.00s.
2023-09-25 18:57:15,831 [BombeRLeWorld] INFO: Agent <rule_based_agent> stayed within acceptable think time.
2023-09-25 18:57:15,831 [BombeRLeWorld] INFO: Agent <winwin> chose action LEFT in 0.00s.
2023-09-25 18:57:15,831 [BombeRLeWorld] INFO: Agent <winwin> stayed within acceptable think time.
2023-09-25 18:57:15,831 [BombeRLeWorld] INFO: Agent <peaceful_agent> chose action UP in 0.00s.
2023-09-25 18:57:15,831 [BombeRLeWorld] INFO: Agent <peaceful_agent> stayed within acceptable think time.
2023-09-25 18:57:15,930 [BombeRLeWorld] INFO: STARTING STEP 53
2023-09-25 18:57:15,932 [BombeRLeWorld] INFO: Agent <peaceful_agent> chose action RIGHT in 0.00s.
2023-09-25 18:57:15,932 [BombeRLeWorld] INFO: Agent <peaceful_agent> stayed within acceptable think time.
2023-09-25 18:57:15,932 [BombeRLeWorld] INFO: Agent <winwin> chose action UP in 0.00s.
2023-09-25 18:57:15,932 [BombeRLeWorld] INFO: Agent <winwin> stayed within acceptable think time.
2023-09-25 18:57:15,932 [BombeRLeWorld] INFO: Agent <rule_based_agent> chose action LEFT in 0.00s.
2023-09-25 18:57:15,932 [BombeRLeWorld] INFO: Agent <rule_based_agent> stayed within acceptable think time.
2023-09-25 18:57:15,932 [BombeRLeWorld] INFO: Agent <winwin>'s bomb at (3, 10) explodes
2023-09-25 18:57:16,032 [BombeRLeWorld] INFO: STARTING STEP 54
2023-09-25 18:57:16,033 [BombeRLeWorld] INFO: Agent <rule_based_agent> chose action LEFT in 0.00s.
2023-09-25 18:57:16,033 [BombeRLeWorld] INFO: Agent <rule_based_agent> stayed within acceptable think time.
2023-09-25 18:57:16,033 [BombeRLeWorld] INFO: Agent <winwin> chose action UP in 0.00s.
2023-09-25 18:57:16,033 [BombeRLeWorld] INFO: Agent <winwin> stayed within acceptable think time.
2023-09-25 18:57:16,033 [BombeRLeWorld] INFO: Agent <peaceful_agent> chose action DOWN in 0.00s.
2023-09-25 18:57:16,033 [BombeRLeWorld] INFO: Agent <peaceful_agent> stayed within acceptable think time.
2023-09-25 18:57:16,033 [BombeRLeWorld] INFO: Agent <winwin> picked up coin at (1, 9) and receives 1 point
2023-09-25 18:57:16,033 [BombeRLeWorld] INFO: Agent <rule_based_agent>'s bomb at (13, 12) explodes
2023-09-25 18:57:16,132 [BombeRLeWorld] INFO: STARTING STEP 55
2023-09-25 18:57:16,134 [BombeRLeWorld] INFO: Agent <winwin> chose action UP in 0.00s.
2023-09-25 18:57:16,134 [BombeRLeWorld] INFO: Agent <winwin> stayed within acceptable think time.
2023-09-25 18:57:16,134 [BombeRLeWorld] INFO: Agent <peaceful_agent> chose action RIGHT in 0.00s.
2023-09-25 18:57:16,134 [BombeRLeWorld] INFO: Agent <peaceful_agent> stayed within acceptable think time.
2023-09-25 18:57:16,134 [BombeRLeWorld] INFO: Agent <rule_based_agent> chose action LEFT in 0.00s.
2023-09-25 18:57:16,134 [BombeRLeWorld] INFO: Agent <rule_based_agent> stayed within acceptable think time.
2023-09-25 18:57:16,234 [BombeRLeWorld] INFO: STARTING STEP 56
2023-09-25 18:57:16,235 [BombeRLeWorld] INFO: Agent <rule_based_agent> chose action UP in 0.00s.
2023-09-25 18:57:16,235 [BombeRLeWorld] INFO: Agent <rule_based_agent> stayed within acceptable think time.
2023-09-25 18:57:16,235 [BombeRLeWorld] INFO: Agent <peaceful_agent> chose action LEFT in 0.00s.
2023-09-25 18:57:16,235 [BombeRLeWorld] INFO: Agent <peaceful_agent> stayed within acceptable think time.
2023-09-25 18:57:16,235 [BombeRLeWorld] INFO: Agent <winwin> chose action BOMB in 0.00s.
2023-09-25 18:57:16,235 [BombeRLeWorld] INFO: Agent <winwin> stayed within acceptable think time.
2023-09-25 18:57:16,235 [BombeRLeWorld] INFO: Agent <winwin> drops bomb at (1, 8)
2023-09-25 18:57:16,335 [BombeRLeWorld] INFO: STARTING STEP 57
2023-09-25 18:57:16,337 [BombeRLeWorld] INFO: Agent <peaceful_agent> chose action DOWN in 0.00s.
2023-09-25 18:57:16,337 [BombeRLeWorld] INFO: Agent <peaceful_agent> stayed within acceptable think time.
2023-09-25 18:57:16,337 [BombeRLeWorld] INFO: Agent <rule_based_agent> chose action BOMB in 0.00s.
2023-09-25 18:57:16,337 [BombeRLeWorld] INFO: Agent <rule_based_agent> stayed within acceptable think time.
2023-09-25 18:57:16,337 [BombeRLeWorld] INFO: Agent <rule_based_agent> drops bomb at (9, 12)
2023-09-25 18:57:16,337 [BombeRLeWorld] INFO: Agent <winwin> chose action DOWN in 0.00s.
2023-09-25 18:57:16,337 [BombeRLeWorld] INFO: Agent <winwin> stayed within acceptable think time.
2023-09-25 18:57:16,436 [BombeRLeWorld] INFO: STARTING STEP 58
2023-09-25 18:57:16,437 [BombeRLeWorld] INFO: Agent <peaceful_agent> chose action DOWN in 0.00s.
2023-09-25 18:57:16,437 [BombeRLeWorld] INFO: Agent <peaceful_agent> stayed within acceptable think time.
2023-09-25 18:57:16,437 [BombeRLeWorld] INFO: Agent <winwin> chose action RIGHT in 0.00s.
2023-09-25 18:57:16,437 [BombeRLeWorld] INFO: Agent <winwin> stayed within acceptable think time.
2023-09-25 18:57:16,437 [BombeRLeWorld] INFO: Agent <rule_based_agent> chose action DOWN in 0.00s.
2023-09-25 18:57:16,437 [BombeRLeWorld] INFO: Agent <rule_based_agent> stayed within acceptable think time.
2023-09-25 18:57:16,536 [BombeRLeWorld] INFO: STARTING STEP 59
2023-09-25 18:57:16,538 [BombeRLeWorld] INFO: Agent <rule_based_agent> chose action RIGHT in 0.00s.
2023-09-25 18:57:16,538 [BombeRLeWorld] INFO: Agent <rule_based_agent> stayed within acceptable think time.
2023-09-25 18:57:16,538 [BombeRLeWorld] INFO: Agent <winwin> chose action RIGHT in 0.00s.
2023-09-25 18:57:16,538 [BombeRLeWorld] INFO: Agent <winwin> stayed within acceptable think time.
2023-09-25 18:57:16,538 [BombeRLeWorld] INFO: Agent <peaceful_agent> chose action LEFT in 0.00s.
2023-09-25 18:57:16,538 [BombeRLeWorld] INFO: Agent <peaceful_agent> stayed within acceptable think time.
